[2025-05-12T03:45:10.742Z] Blockchain monitoring started
[2025-05-12T03:45:15.770Z] Transaction monitoring error: connection not open on send()
[2025-05-12T03:45:20.780Z] Transaction monitoring error: connection not open on send()
[2025-05-12T03:45:25.793Z] Transaction monitoring error: connection not open on send()
[2025-05-12T03:45:30.775Z] Transaction monitoring error: connection not open on send()
[2025-05-12T03:45:35.794Z] Transaction monitoring error: connection not open on send()
[2025-05-12T03:45:40.785Z] Transaction monitoring error: connection not open on send()
[2025-05-12T03:45:45.815Z] Transaction monitoring error: connection not open on send()
[2025-05-12T03:45:50.823Z] Transaction monitoring error: connection not open on send()
[2025-05-12T03:45:55.827Z] Transaction monitoring error: connection not open on send()
[2025-05-12T03:46:00.837Z] Transaction monitoring error: connection not open on send()
[2025-05-12T03:46:05.836Z] Transaction monitoring error: connection not open on send()
[2025-05-12T03:46:10.852Z] Transaction monitoring error: connection not open on send()
[2025-05-12T03:46:15.869Z] Transaction monitoring error: connection not open on send()
[2025-05-12T03:46:20.880Z] Transaction monitoring error: connection not open on send()
[2025-05-12T03:46:25.888Z] Transaction monitoring error: connection not open on send()
[2025-05-12T03:46:30.909Z] Transaction monitoring error: connection not open on send()
[2025-05-12T03:46:35.925Z] Transaction monitoring error: connection not open on send()
[2025-05-12T03:46:40.933Z] Transaction monitoring error: connection not open on send()
[2025-05-12T03:46:45.943Z] Transaction monitoring error: connection not open on send()
[2025-05-12T03:46:50.956Z] Transaction monitoring error: connection not open on send()
[2025-05-12T03:46:55.970Z] Transaction monitoring error: connection not open on send()
[2025-05-12T03:47:00.977Z] Transaction monitoring error: connection not open on send()
[2025-05-12T03:47:05.983Z] Transaction monitoring error: connection not open on send()
[2025-05-12T03:47:10.994Z] Transaction monitoring error: connection not open on send()
[2025-05-12T03:47:16.040Z] Transaction monitoring error: connection not open on send()
[2025-05-12T03:47:21.018Z] Transaction monitoring error: connection not open on send()
[2025-05-12T03:47:26.033Z] Transaction monitoring error: connection not open on send()
[2025-05-12T03:47:31.044Z] Transaction monitoring error: connection not open on send()
[2025-05-12T03:47:36.053Z] Transaction monitoring error: connection not open on send()
[2025-05-12T03:47:41.058Z] Transaction monitoring error: connection not open on send()
[2025-05-12T03:47:46.073Z] Transaction monitoring error: connection not open on send()
[2025-05-12T03:47:51.081Z] Transaction monitoring error: connection not open on send()
[2025-05-12T03:47:56.091Z] Transaction monitoring error: connection not open on send()
[2025-05-12T03:48:01.105Z] Transaction monitoring error: connection not open on send()
[2025-05-12T03:48:06.111Z] Transaction monitoring error: connection not open on send()
[2025-05-12T03:48:11.124Z] Transaction monitoring error: connection not open on send()
[2025-05-12T03:48:16.134Z] Transaction monitoring error: connection not open on send()
[2025-05-12T03:48:21.140Z] Transaction monitoring error: connection not open on send()
[2025-05-12T03:48:26.151Z] Transaction monitoring error: connection not open on send()
[2025-05-12T03:48:31.153Z] Transaction monitoring error: connection not open on send()
[2025-05-12T03:48:36.139Z] Transaction monitoring error: connection not open on send()
[2025-05-12T03:48:41.162Z] Transaction monitoring error: connection not open on send()
[2025-05-12T03:48:46.177Z] Transaction monitoring error: connection not open on send()
[2025-05-12T03:48:51.188Z] Transaction monitoring error: connection not open on send()
[2025-05-12T03:48:56.194Z] Transaction monitoring error: connection not open on send()
[2025-05-12T03:49:01.180Z] Transaction monitoring error: connection not open on send()
[2025-05-12T03:49:06.198Z] Transaction monitoring error: connection not open on send()
[2025-05-12T03:49:11.209Z] Transaction monitoring error: connection not open on send()
[2025-05-12T03:49:16.224Z] Transaction monitoring error: connection not open on send()
[2025-05-12T03:49:21.303Z] Transaction monitoring error: connection not open on send()
[2025-05-12T03:49:26.248Z] Transaction monitoring error: connection not open on send()
[2025-05-12T03:49:31.246Z] Transaction monitoring error: connection not open on send()
[2025-05-12T03:49:36.248Z] Transaction monitoring error: connection not open on send()
[2025-05-12T03:49:41.286Z] Transaction monitoring error: connection not open on send()
[2025-05-12T03:49:46.264Z] Transaction monitoring error: connection not open on send()
[2025-05-12T03:49:51.269Z] Transaction monitoring error: connection not open on send()
[2025-05-12T03:49:56.270Z] Transaction monitoring error: connection not open on send()
[2025-05-12T03:50:01.284Z] Transaction monitoring error: connection not open on send()
[2025-05-12T03:50:06.291Z] Transaction monitoring error: connection not open on send()
[2025-05-12T03:50:11.292Z] Transaction monitoring error: connection not open on send()
[2025-05-12T03:50:16.307Z] Transaction monitoring error: connection not open on send()
[2025-05-12T03:50:21.309Z] Transaction monitoring error: connection not open on send()
[2025-05-12T03:50:26.315Z] Transaction monitoring error: connection not open on send()
[2025-05-12T03:50:31.318Z] Transaction monitoring error: connection not open on send()
[2025-05-12T03:50:36.321Z] Transaction monitoring error: connection not open on send()
[2025-05-12T03:50:41.334Z] Transaction monitoring error: connection not open on send()
[2025-05-12T03:50:46.345Z] Transaction monitoring error: connection not open on send()
[2025-05-12T03:50:51.346Z] Transaction monitoring error: connection not open on send()
[2025-05-12T03:50:56.346Z] Transaction monitoring error: connection not open on send()
[2025-05-12T03:51:01.357Z] Transaction monitoring error: connection not open on send()
[2025-05-12T03:51:06.365Z] Transaction monitoring error: connection not open on send()
[2025-05-12T03:51:11.366Z] Transaction monitoring error: connection not open on send()
[2025-05-12T03:51:16.374Z] Transaction monitoring error: connection not open on send()
[2025-05-12T03:51:21.379Z] Transaction monitoring error: connection not open on send()
[2025-05-12T03:51:26.396Z] Transaction monitoring error: connection not open on send()
[2025-05-12T03:51:31.391Z] Transaction monitoring error: connection not open on send()
[2025-05-12T03:51:36.405Z] Transaction monitoring error: connection not open on send()
[2025-05-12T03:51:41.411Z] Transaction monitoring error: connection not open on send()
[2025-05-12T03:51:46.423Z] Transaction monitoring error: connection not open on send()
[2025-05-12T03:51:51.434Z] Transaction monitoring error: connection not open on send()
[2025-05-12T03:51:56.422Z] Transaction monitoring error: connection not open on send()
[2025-05-12T03:52:01.437Z] Transaction monitoring error: connection not open on send()
[2025-05-12T03:52:06.444Z] Transaction monitoring error: connection not open on send()
[2025-05-12T03:52:11.457Z] Transaction monitoring error: connection not open on send()
[2025-05-12T03:52:16.462Z] Transaction monitoring error: connection not open on send()
[2025-05-12T03:52:21.468Z] Transaction monitoring error: connection not open on send()
[2025-05-12T03:52:26.483Z] Transaction monitoring error: connection not open on send()
[2025-05-12T03:52:31.485Z] Transaction monitoring error: connection not open on send()
[2025-05-12T03:52:36.504Z] Transaction monitoring error: connection not open on send()
[2025-05-12T03:52:41.500Z] Transaction monitoring error: connection not open on send()
[2025-05-12T03:52:46.513Z] Transaction monitoring error: connection not open on send()
[2025-05-12T03:52:51.522Z] Transaction monitoring error: connection not open on send()
[2025-05-12T03:52:56.510Z] Transaction monitoring error: connection not open on send()
[2025-05-12T03:53:01.533Z] Transaction monitoring error: connection not open on send()
[2025-05-12T03:53:06.539Z] Transaction monitoring error: connection not open on send()
[2025-05-12T03:53:11.545Z] Transaction monitoring error: connection not open on send()
[2025-05-12T03:53:16.541Z] Transaction monitoring error: connection not open on send()
[2025-05-12T03:53:21.555Z] Transaction monitoring error: connection not open on send()
[2025-05-12T03:53:26.566Z] Transaction monitoring error: connection not open on send()
[2025-05-12T03:53:31.577Z] Transaction monitoring error: connection not open on send()
[2025-05-12T03:53:36.580Z] Transaction monitoring error: connection not open on send()
[2025-05-12T03:53:41.589Z] Transaction monitoring error: connection not open on send()
[2025-05-12T03:53:46.592Z] Transaction monitoring error: connection not open on send()
[2025-05-12T03:53:51.617Z] Transaction monitoring error: connection not open on send()
[2025-05-12T03:53:56.628Z] Transaction monitoring error: connection not open on send()
[2025-05-12T03:54:01.632Z] Transaction monitoring error: connection not open on send()
[2025-05-12T03:54:06.637Z] Transaction monitoring error: connection not open on send()
[2025-05-12T03:54:11.647Z] Transaction monitoring error: connection not open on send()
[2025-05-12T03:54:16.684Z] Transaction monitoring error: connection not open on send()
[2025-05-12T03:54:21.672Z] Transaction monitoring error: connection not open on send()
[2025-05-12T03:54:26.673Z] Transaction monitoring error: connection not open on send()
[2025-05-12T03:54:31.706Z] Transaction monitoring error: connection not open on send()
[2025-05-12T03:54:36.734Z] Transaction monitoring error: connection not open on send()
[2025-05-12T03:54:41.731Z] Transaction monitoring error: connection not open on send()
[2025-05-12T03:54:46.740Z] Transaction monitoring error: connection not open on send()
[2025-05-12T03:54:51.743Z] Transaction monitoring error: connection not open on send()
[2025-05-12T03:54:56.765Z] Transaction monitoring error: connection not open on send()
[2025-05-12T03:55:01.757Z] Transaction monitoring error: connection not open on send()
[2025-05-12T03:55:06.754Z] Transaction monitoring error: connection not open on send()
[2025-05-12T03:55:11.787Z] Transaction monitoring error: connection not open on send()
[2025-05-12T03:55:16.790Z] Transaction monitoring error: connection not open on send()
[2025-05-12T03:55:21.797Z] Transaction monitoring error: connection not open on send()
[2025-05-12T03:55:26.803Z] Transaction monitoring error: connection not open on send()
[2025-05-12T03:55:31.804Z] Transaction monitoring error: connection not open on send()
[2025-05-12T03:55:36.806Z] Transaction monitoring error: connection not open on send()
[2025-05-12T03:55:41.793Z] Transaction monitoring error: connection not open on send()
[2025-05-12T03:55:46.823Z] Transaction monitoring error: connection not open on send()
[2025-05-12T03:55:51.833Z] Transaction monitoring error: connection not open on send()
[2025-05-12T03:55:56.836Z] Transaction monitoring error: connection not open on send()
[2025-05-12T03:56:01.843Z] Transaction monitoring error: connection not open on send()
[2025-05-12T03:56:06.852Z] Transaction monitoring error: connection not open on send()
[2025-05-12T03:56:11.859Z] Transaction monitoring error: connection not open on send()
[2025-05-12T03:56:16.860Z] Transaction monitoring error: connection not open on send()
[2025-05-12T03:56:21.870Z] Transaction monitoring error: connection not open on send()
[2025-05-12T03:56:26.872Z] Transaction monitoring error: connection not open on send()
[2025-05-12T03:56:31.875Z] Transaction monitoring error: connection not open on send()
[2025-05-12T03:56:36.888Z] Transaction monitoring error: connection not open on send()
[2025-05-12T03:56:41.892Z] Transaction monitoring error: connection not open on send()
[2025-05-12T03:56:46.897Z] Transaction monitoring error: connection not open on send()
[2025-05-12T03:56:51.910Z] Transaction monitoring error: connection not open on send()
[2025-05-12T03:56:56.920Z] Transaction monitoring error: connection not open on send()
[2025-05-12T03:57:01.918Z] Transaction monitoring error: connection not open on send()
[2025-05-12T03:57:06.927Z] Transaction monitoring error: connection not open on send()
[2025-05-12T03:57:11.939Z] Transaction monitoring error: connection not open on send()
[2025-05-12T03:57:16.948Z] Transaction monitoring error: connection not open on send()
[2025-05-12T03:57:21.954Z] Transaction monitoring error: connection not open on send()
[2025-05-12T03:57:26.958Z] Transaction monitoring error: connection not open on send()
[2025-05-12T03:58:02.597Z] Blockchain monitoring started
[2025-05-12T03:58:07.613Z] Transaction monitoring error: connection not open on send()
[2025-05-12T03:58:12.622Z] Transaction monitoring error: connection not open on send()
[2025-05-12T03:58:17.624Z] Transaction monitoring error: connection not open on send()
[2025-05-12T03:58:22.634Z] Transaction monitoring error: connection not open on send()
[2025-05-12T03:58:27.648Z] Transaction monitoring error: connection not open on send()
[2025-05-12T03:58:32.636Z] Transaction monitoring error: connection not open on send()
[2025-05-12T03:58:37.652Z] Transaction monitoring error: connection not open on send()
[2025-05-12T03:58:42.667Z] Transaction monitoring error: connection not open on send()
[2025-05-12T03:58:47.679Z] Transaction monitoring error: connection not open on send()
[2025-05-12T03:58:52.688Z] Transaction monitoring error: connection not open on send()
[2025-05-12T03:58:57.690Z] Transaction monitoring error: connection not open on send()
[2025-05-12T03:59:02.703Z] Transaction monitoring error: connection not open on send()
[2025-05-12T03:59:07.706Z] Transaction monitoring error: connection not open on send()
[2025-05-12T03:59:12.709Z] Transaction monitoring error: connection not open on send()
[2025-05-12T03:59:17.719Z] Transaction monitoring error: connection not open on send()
[2025-05-12T03:59:22.722Z] Transaction monitoring error: connection not open on send()
[2025-05-12T03:59:27.735Z] Transaction monitoring error: connection not open on send()
[2025-05-12T03:59:32.753Z] Transaction monitoring error: connection not open on send()
[2025-05-12T03:59:37.779Z] Transaction monitoring error: connection not open on send()
[2025-05-12T03:59:42.789Z] Transaction monitoring error: connection not open on send()
[2025-05-12T03:59:47.790Z] Transaction monitoring error: connection not open on send()
[2025-05-12T03:59:52.793Z] Transaction monitoring error: connection not open on send()
[2025-05-12T03:59:57.827Z] Transaction monitoring error: connection not open on send()
[2025-05-12T04:00:02.795Z] Transaction monitoring error: connection not open on send()
[2025-05-12T04:00:07.819Z] Transaction monitoring error: connection not open on send()
[2025-05-12T04:00:12.834Z] Transaction monitoring error: connection not open on send()
[2025-05-12T04:00:17.844Z] Transaction monitoring error: connection not open on send()
[2025-05-12T04:00:22.840Z] Transaction monitoring error: connection not open on send()
[2025-05-12T04:00:27.855Z] Transaction monitoring error: connection not open on send()
[2025-05-12T04:00:32.862Z] Transaction monitoring error: connection not open on send()
[2025-05-12T04:00:37.878Z] Transaction monitoring error: connection not open on send()
[2025-05-12T04:00:42.892Z] Transaction monitoring error: connection not open on send()
[2025-05-12T04:00:47.891Z] Transaction monitoring error: connection not open on send()
[2025-05-12T04:00:52.905Z] Transaction monitoring error: connection not open on send()
[2025-05-12T04:00:57.909Z] Transaction monitoring error: connection not open on send()
[2025-05-12T04:01:02.916Z] Transaction monitoring error: connection not open on send()
[2025-05-12T04:01:07.918Z] Transaction monitoring error: connection not open on send()
[2025-05-12T04:01:12.933Z] Transaction monitoring error: connection not open on send()
[2025-05-12T04:01:17.936Z] Transaction monitoring error: connection not open on send()
[2025-05-12T04:01:22.937Z] Transaction monitoring error: connection not open on send()
[2025-05-12T04:01:27.940Z] Transaction monitoring error: connection not open on send()
[2025-05-12T04:01:32.953Z] Transaction monitoring error: connection not open on send()
[2025-05-12T04:01:37.953Z] Transaction monitoring error: connection not open on send()
[2025-05-12T04:01:42.959Z] Transaction monitoring error: connection not open on send()
[2025-05-12T04:01:47.962Z] Transaction monitoring error: connection not open on send()
[2025-05-12T04:01:52.965Z] Transaction monitoring error: connection not open on send()
[2025-05-12T04:01:57.981Z] Transaction monitoring error: connection not open on send()
[2025-05-12T04:02:02.995Z] Transaction monitoring error: connection not open on send()
[2025-05-12T04:02:07.997Z] Transaction monitoring error: connection not open on send()
[2025-05-12T04:02:13.005Z] Transaction monitoring error: connection not open on send()
[2025-05-12T04:02:18.014Z] Transaction monitoring error: connection not open on send()
[2025-05-12T04:02:23.022Z] Transaction monitoring error: connection not open on send()
[2025-05-12T04:02:28.036Z] Transaction monitoring error: connection not open on send()
[2025-05-12T04:02:33.054Z] Transaction monitoring error: connection not open on send()
[2025-05-12T04:02:38.060Z] Transaction monitoring error: connection not open on send()
[2025-05-12T04:02:43.092Z] Transaction monitoring error: connection not open on send()
[2025-05-12T04:02:48.090Z] Transaction monitoring error: connection not open on send()
[2025-05-12T04:02:53.144Z] Transaction monitoring error: connection not open on send()
[2025-05-12T04:02:58.110Z] Transaction monitoring error: connection not open on send()
[2025-05-12T04:03:03.118Z] Transaction monitoring error: connection not open on send()
[2025-05-12T04:03:08.129Z] Transaction monitoring error: connection not open on send()
[2025-05-12T04:03:13.138Z] Transaction monitoring error: connection not open on send()
[2025-05-12T04:03:18.177Z] Transaction monitoring error: connection not open on send()
[2025-05-12T04:03:30.550Z] Successfully subscribed to blockchain events
[2025-05-12T04:03:30.571Z] Blockchain monitoring started
[2025-05-12T04:45:37.058Z] Successfully subscribed to blockchain events
[2025-05-12T04:45:37.088Z] Blockchain monitoring started
[2025-05-12T04:46:27.226Z] WebSocket error: Maximum number of reconnect attempts reached!
[2025-05-12T04:46:27.258Z] Attack event subscription error: Maximum number of reconnect attempts reached!
[2025-05-12T04:46:27.262Z] Blacklist event subscription error: Maximum number of reconnect attempts reached!
[2025-05-12T04:46:27.274Z] Patch event subscription error: Maximum number of reconnect attempts reached!
[2025-05-12T04:46:27.278Z] Transaction monitoring error: Maximum number of reconnect attempts reached!
[2025-05-12T04:46:27.281Z] Transaction monitoring error: Maximum number of reconnect attempts reached!
[2025-05-12T04:46:27.283Z] Transaction monitoring error: Maximum number of reconnect attempts reached!
[2025-05-12T04:46:27.291Z] Transaction monitoring error: Maximum number of reconnect attempts reached!
[2025-05-12T04:46:27.294Z] Transaction monitoring error: Maximum number of reconnect attempts reached!
[2025-05-12T04:46:27.298Z] Transaction monitoring error: Maximum number of reconnect attempts reached!
[2025-05-12T04:46:27.301Z] Transaction monitoring error: Maximum number of reconnect attempts reached!
[2025-05-12T04:46:27.309Z] Transaction monitoring error: Maximum number of reconnect attempts reached!
[2025-05-12T04:46:27.312Z] Transaction monitoring error: Maximum number of reconnect attempts reached!
[2025-05-12T04:46:27.315Z] Transaction monitoring error: Maximum number of reconnect attempts reached!
[2025-05-12T04:46:32.198Z] WebSocket error: connection not open on send()
[2025-05-12T04:46:32.213Z] Transaction monitoring error: connection not open on send()
[2025-05-12T04:46:37.197Z] WebSocket error: connection not open on send()
[2025-05-12T04:46:37.199Z] Transaction monitoring error: connection not open on send()
[2025-05-12T04:46:42.207Z] WebSocket error: connection not open on send()
[2025-05-12T04:46:42.212Z] Transaction monitoring error: connection not open on send()
[2025-05-12T04:46:50.546Z] Successfully subscribed to blockchain events
[2025-05-12T04:46:50.564Z] Blockchain monitoring started
[2025-05-12T04:47:40.683Z] WebSocket error: Maximum number of reconnect attempts reached!
[2025-05-12T04:47:40.708Z] Attack event subscription error: Maximum number of reconnect attempts reached!
[2025-05-12T04:47:40.715Z] Blacklist event subscription error: Maximum number of reconnect attempts reached!
[2025-05-12T04:47:40.718Z] Patch event subscription error: Maximum number of reconnect attempts reached!
[2025-05-12T04:47:40.728Z] Transaction monitoring error: Maximum number of reconnect attempts reached!
[2025-05-12T04:47:40.730Z] Transaction monitoring error: Maximum number of reconnect attempts reached!
[2025-05-12T04:47:40.739Z] Transaction monitoring error: Maximum number of reconnect attempts reached!
[2025-05-12T04:47:40.744Z] Transaction monitoring error: Maximum number of reconnect attempts reached!
[2025-05-12T04:47:40.746Z] Transaction monitoring error: Maximum number of reconnect attempts reached!
[2025-05-12T04:47:40.748Z] Transaction monitoring error: Maximum number of reconnect attempts reached!
[2025-05-12T04:47:40.751Z] Transaction monitoring error: Maximum number of reconnect attempts reached!
[2025-05-12T04:47:40.757Z] Transaction monitoring error: Maximum number of reconnect attempts reached!
[2025-05-12T04:47:40.759Z] Transaction monitoring error: Maximum number of reconnect attempts reached!
[2025-05-12T04:47:40.763Z] Transaction monitoring error: Maximum number of reconnect attempts reached!
[2025-05-12T04:47:45.657Z] WebSocket error: connection not open on send()
[2025-05-12T04:47:45.660Z] Transaction monitoring error: connection not open on send()
[2025-05-12T04:47:50.668Z] WebSocket error: connection not open on send()
[2025-05-12T04:47:50.672Z] Transaction monitoring error: connection not open on send()
[2025-05-12T04:47:55.678Z] WebSocket error: connection not open on send()
[2025-05-12T04:47:55.695Z] Transaction monitoring error: connection not open on send()
[2025-05-12T04:48:00.691Z] WebSocket error: connection not open on send()
[2025-05-12T04:48:00.708Z] Transaction monitoring error: connection not open on send()
[2025-05-12T04:48:05.702Z] WebSocket error: connection not open on send()
[2025-05-12T04:48:05.720Z] Transaction monitoring error: connection not open on send()
[2025-05-12T04:48:10.706Z] WebSocket error: connection not open on send()
[2025-05-12T04:48:10.733Z] Transaction monitoring error: connection not open on send()
[2025-05-12T04:48:15.723Z] WebSocket error: connection not open on send()
[2025-05-12T04:48:15.739Z] Transaction monitoring error: connection not open on send()
[2025-05-12T04:48:20.801Z] WebSocket error: connection not open on send()
[2025-05-12T04:48:20.817Z] Transaction monitoring error: connection not open on send()
[2025-05-12T04:48:25.749Z] WebSocket error: connection not open on send()
[2025-05-12T04:48:25.765Z] Transaction monitoring error: connection not open on send()
[2025-05-12T04:48:30.761Z] WebSocket error: connection not open on send()
[2025-05-12T04:48:30.782Z] Transaction monitoring error: connection not open on send()
[2025-05-12T04:48:35.764Z] WebSocket error: connection not open on send()
[2025-05-12T04:48:35.782Z] Transaction monitoring error: connection not open on send()
[2025-05-12T04:48:40.775Z] WebSocket error: connection not open on send()
[2025-05-12T04:48:40.796Z] Transaction monitoring error: connection not open on send()
[2025-05-12T04:48:45.780Z] WebSocket error: connection not open on send()
[2025-05-12T04:48:45.783Z] Transaction monitoring error: connection not open on send()
[2025-05-12T04:48:50.781Z] WebSocket error: connection not open on send()
[2025-05-12T04:48:50.797Z] Transaction monitoring error: connection not open on send()
[2025-05-12T04:48:55.805Z] WebSocket error: connection not open on send()
[2025-05-12T04:48:55.814Z] Transaction monitoring error: connection not open on send()
[2025-05-12T04:49:00.809Z] WebSocket error: connection not open on send()
[2025-05-12T04:49:00.835Z] Transaction monitoring error: connection not open on send()
[2025-05-12T04:49:05.823Z] WebSocket error: connection not open on send()
[2025-05-12T04:49:05.832Z] Transaction monitoring error: connection not open on send()
[2025-05-12T04:49:10.829Z] WebSocket error: connection not open on send()
[2025-05-12T04:49:10.855Z] Transaction monitoring error: connection not open on send()
[2025-05-12T04:49:15.849Z] WebSocket error: connection not open on send()
[2025-05-12T04:49:15.872Z] Transaction monitoring error: connection not open on send()
[2025-05-12T04:49:20.855Z] WebSocket error: connection not open on send()
[2025-05-12T04:49:20.886Z] Transaction monitoring error: connection not open on send()
[2025-05-12T04:49:25.865Z] WebSocket error: connection not open on send()
[2025-05-12T04:49:25.896Z] Transaction monitoring error: connection not open on send()
[2025-05-12T04:49:30.875Z] WebSocket error: connection not open on send()
[2025-05-12T04:49:30.960Z] Transaction monitoring error: connection not open on send()
[2025-05-12T04:49:35.891Z] WebSocket error: connection not open on send()
[2025-05-12T04:49:35.907Z] Transaction monitoring error: connection not open on send()
[2025-05-12T04:49:40.897Z] WebSocket error: connection not open on send()
[2025-05-12T04:49:40.912Z] Transaction monitoring error: connection not open on send()
[2025-05-12T04:49:45.922Z] WebSocket error: connection not open on send()
[2025-05-12T04:49:45.960Z] Transaction monitoring error: connection not open on send()
[2025-05-12T04:49:50.921Z] WebSocket error: connection not open on send()
[2025-05-12T04:49:50.934Z] Transaction monitoring error: connection not open on send()
[2025-05-12T04:49:55.999Z] WebSocket error: connection not open on send()
[2025-05-12T04:49:56.040Z] Transaction monitoring error: connection not open on send()
[2025-05-12T04:50:00.970Z] WebSocket error: connection not open on send()
[2025-05-12T04:50:00.987Z] Transaction monitoring error: connection not open on send()
[2025-05-12T04:50:05.981Z] WebSocket error: connection not open on send()
[2025-05-12T04:50:06.009Z] Transaction monitoring error: connection not open on send()
[2025-05-12T04:50:11.093Z] WebSocket error: connection not open on send()
[2025-05-12T04:50:11.133Z] Transaction monitoring error: connection not open on send()
[2025-05-12T04:50:16.005Z] WebSocket error: connection not open on send()
[2025-05-12T04:50:16.024Z] Transaction monitoring error: connection not open on send()
[2025-05-12T04:50:21.006Z] WebSocket error: connection not open on send()
[2025-05-12T04:50:21.033Z] Transaction monitoring error: connection not open on send()
[2025-05-12T04:50:26.021Z] WebSocket error: connection not open on send()
[2025-05-12T04:50:26.046Z] Transaction monitoring error: connection not open on send()
[2025-05-12T04:50:31.032Z] WebSocket error: connection not open on send()
[2025-05-12T04:50:31.036Z] Transaction monitoring error: connection not open on send()
[2025-05-12T04:50:36.043Z] WebSocket error: connection not open on send()
[2025-05-12T04:50:36.069Z] Transaction monitoring error: connection not open on send()
[2025-05-12T04:50:41.095Z] WebSocket error: connection not open on send()
[2025-05-12T04:50:41.124Z] Transaction monitoring error: connection not open on send()
[2025-05-12T04:50:46.090Z] WebSocket error: connection not open on send()
[2025-05-12T04:50:46.109Z] Transaction monitoring error: connection not open on send()
[2025-05-12T04:50:51.101Z] WebSocket error: connection not open on send()
[2025-05-12T04:50:51.118Z] Transaction monitoring error: connection not open on send()
[2025-05-12T04:50:56.108Z] WebSocket error: connection not open on send()
[2025-05-12T04:50:56.137Z] Transaction monitoring error: connection not open on send()
[2025-05-12T04:51:01.113Z] WebSocket error: connection not open on send()
[2025-05-12T04:51:01.128Z] Transaction monitoring error: connection not open on send()
[2025-05-12T04:51:06.116Z] WebSocket error: connection not open on send()
[2025-05-12T04:51:06.142Z] Transaction monitoring error: connection not open on send()
[2025-05-12T04:51:11.130Z] WebSocket error: connection not open on send()
[2025-05-12T04:51:11.153Z] Transaction monitoring error: connection not open on send()
[2025-05-12T04:51:16.142Z] WebSocket error: connection not open on send()
[2025-05-12T04:51:16.169Z] Transaction monitoring error: connection not open on send()
[2025-05-12T04:51:21.155Z] WebSocket error: connection not open on send()
[2025-05-12T04:51:21.178Z] Transaction monitoring error: connection not open on send()
